{
  "RSpec": {
    "coverage": {
      "/Users/dani/Projects/acebook-ROF/spec/controllers/pages_controller_spec.rb": [
        null,
        null,
        1,
        null,
        1,
        null
      ],
      "/Users/dani/Projects/acebook-ROF/spec/rails_helper.rb": [
        null,
        null,
        null,
        1,
        1,
        null,
        1,
        1,
        1,
        null,
        1,
        null,
        null,
        null,
        null,
        null,
        null,
        null,
        null,
        null,
        null,
        null,
        null,
        null,
        null,
        null,
        null,
        null,
        null,
        null,
        1,
        null,
        1,
        null,
        1,
        null,
        null,
        null,
        null,
        1,
        null,
        null,
        null,
        null,
        null,
        null,
        null,
        null,
        null,
        null,
        null,
        null,
        null,
        null,
        1,
        null,
        null,
        1,
        null,
        null,
        null
      ],
      "/Users/dani/Projects/acebook-ROF/config/environment.rb": [
        null,
        null,
        null,
        1,
        null,
        null,
        1
      ],
      "/Users/dani/Projects/acebook-ROF/config/application.rb": [
        null,
        null,
        1,
        null,
        1,
        null,
        null,
        null,
        1,
        null,
        1,
        1,
        null,
        1,
        null,
        null,
        null,
        null,
        null,
        null
      ],
      "/Users/dani/Projects/acebook-ROF/config/boot.rb": [
        null,
        null,
        1,
        null,
        1
      ],
      "/Users/dani/Projects/acebook-ROF/config/environments/test.rb": [
        null,
        null,
        1,
        null,
        null,
        null,
        null,
        null,
        null,
        1,
        null,
        null,
        null,
        null,
        1,
        null,
        null,
        1,
        1,
        null,
        null,
        null,
        null,
        1,
        1,
        null,
        null,
        1,
        null,
        null,
        1,
        1,
        null,
        null,
        null,
        null,
        1,
        null,
        null,
        1,
        null,
        null,
        null,
        null
      ],
      "/Users/dani/Projects/acebook-ROF/config/initializers/application_controller_renderer.rb": [
        null,
        null,
        null,
        null,
        null,
        null,
        null,
        null
      ],
      "/Users/dani/Projects/acebook-ROF/config/initializers/assets.rb": [
        null,
        null,
        null,
        null,
        null,
        1,
        null,
        null,
        null,
        null,
        1,
        null,
        null,
        null,
        null,
        null
      ],
      "/Users/dani/Projects/acebook-ROF/config/initializers/backtrace_silencers.rb": [
        null,
        null,
        null,
        null,
        null,
        null,
        null,
        null,
        null
      ],
      "/Users/dani/Projects/acebook-ROF/config/initializers/cookies_serializer.rb": [
        null,
        null,
        null,
        null,
        null,
        null,
        1
      ],
      "/Users/dani/Projects/acebook-ROF/config/initializers/filter_parameter_logging.rb": [
        null,
        null,
        null,
        null,
        null,
        1
      ],
      "/Users/dani/Projects/acebook-ROF/config/initializers/inflections.rb": [
        null,
        null,
        null,
        null,
        null,
        null,
        null,
        null,
        null,
        null,
        null,
        null,
        null,
        null,
        null,
        null,
        null,
        null
      ],
      "/Users/dani/Projects/acebook-ROF/config/initializers/mime_types.rb": [
        null,
        null,
        null,
        null,
        null,
        null
      ],
      "/Users/dani/Projects/acebook-ROF/config/initializers/wrap_parameters.rb": [
        null,
        null,
        null,
        null,
        null,
        null,
        null,
        null,
        1,
        2,
        null,
        null,
        null,
        null,
        null,
        null
      ],
      "/Users/dani/Projects/acebook-ROF/config/routes.rb": [
        null,
        null,
        1,
        null,
        null,
        1,
        null,
        1,
        1,
        1,
        1,
        1,
        null,
        1,
        1,
        null,
        null,
        null
      ],
      "/Users/dani/Projects/acebook-ROF/app/helpers/application_helper.rb": [
        null,
        null,
        1,
        null
      ],
      "/Users/dani/Projects/acebook-ROF/app/helpers/pages_helper.rb": [
        null,
        null,
        1,
        null
      ],
      "/Users/dani/Projects/acebook-ROF/app/helpers/sessions_helper.rb": [
        1,
        null,
        1,
        1,
        null,
        null,
        null,
        1,
        18,
        10,
        null,
        null,
        null,
        null,
        1,
        1,
        1,
        null,
        null,
        null,
        1,
        0,
        null,
        null,
        null
      ],
      "/Users/dani/Projects/acebook-ROF/app/helpers/users_helper.rb": [
        null,
        null,
        1,
        null
      ],
      "/Users/dani/Projects/acebook-ROF/app/controllers/pages_controller.rb": [
        null,
        null,
        1,
        1,
        null
      ],
      "/Users/dani/Projects/acebook-ROF/app/controllers/application_controller.rb": [
        null,
        null,
        1,
        1,
        1,
        null,
        1,
        0,
        null,
        null
      ],
      "/Users/dani/Projects/acebook-ROF/spec/controllers/posts_controller_spec.rb": [
        null,
        null,
        1,
        null,
        1,
        1,
        1,
        1,
        1,
        null,
        null,
        null,
        1,
        1,
        1,
        1,
        null,
        null,
        1,
        1,
        1,
        null,
        null,
        null,
        1,
        1,
        1,
        1,
        null,
        null,
        null
      ],
      "/Users/dani/Projects/acebook-ROF/app/controllers/posts_controller.rb": [
        null,
        null,
        null,
        null,
        null,
        1,
        1,
        2,
        null,
        null,
        1,
        3,
        3,
        null,
        null,
        1,
        6,
        null,
        null,
        1,
        null,
        1,
        3,
        null,
        null
      ],
      "/Users/dani/Projects/acebook-ROF/spec/controllers/users_controller_spec.rb": [
        null,
        null,
        1,
        null,
        1,
        1,
        1,
        1,
        1,
        null,
        null,
        null
      ],
      "/Users/dani/Projects/acebook-ROF/app/controllers/users_controller.rb": [
        null,
        null,
        1,
        1,
        null,
        1,
        3,
        3,
        3,
        3,
        null,
        null,
        0,
        null,
        null,
        null,
        1,
        null,
        1,
        3,
        null,
        null
      ],
      "/Users/dani/Projects/acebook-ROF/spec/features/user_can_login_spec.rb": [
        null,
        null,
        1,
        1,
        null,
        1,
        1,
        1,
        1,
        null,
        null,
        1,
        1,
        1,
        1,
        1,
        1,
        null,
        null
      ],
      "/Users/dani/Projects/acebook-ROF/spec/features/web_helper.rb": [
        1,
        2,
        2,
        2,
        2,
        2,
        2,
        2,
        null
      ],
      "/Users/dani/Projects/acebook-ROF/spec/features/user_can_logout_spec.rb": [
        1,
        null,
        1,
        1,
        1,
        1,
        1,
        null,
        null
      ],
      "/Users/dani/Projects/acebook-ROF/spec/features/user_can_signup_spec.rb": [
        1,
        null,
        1,
        2,
        null,
        1,
        null,
        null,
        null,
        1,
        1,
        1,
        1,
        1,
        1,
        1,
        null,
        null,
        null
      ],
      "/Users/dani/Projects/acebook-ROF/spec/features/user_can_submit_posts_spec.rb": [
        null,
        null,
        1,
        null,
        1,
        1,
        1,
        1,
        1,
        1,
        1,
        null,
        null
      ],
      "/Users/dani/Projects/acebook-ROF/spec/helpers/pages_helper_spec.rb": [
        null,
        null,
        1,
        null,
        null,
        null,
        null,
        null,
        null,
        null,
        null,
        null,
        null,
        null,
        1,
        1,
        null
      ],
      "/Users/dani/Projects/acebook-ROF/spec/helpers/users_helper_spec.rb": [
        null,
        null,
        1,
        null,
        null,
        null,
        null,
        null,
        null,
        null,
        null,
        null,
        null,
        null,
        1,
        1,
        null
      ],
      "/Users/dani/Projects/acebook-ROF/spec/models/post_spec.rb": [
        null,
        null,
        1,
        null,
        1,
        2,
        null
      ],
      "/Users/dani/Projects/acebook-ROF/app/models/post.rb": [
        null,
        null,
        1,
        null
      ],
      "/Users/dani/Projects/acebook-ROF/app/models/application_record.rb": [
        null,
        null,
        1,
        1,
        null
      ],
      "/Users/dani/Projects/acebook-ROF/spec/models/user_spec.rb": [
        null,
        null,
        1,
        null,
        1,
        1,
        1,
        null,
        1,
        1,
        null,
        null,
        1,
        1,
        1,
        null,
        null,
        1,
        1,
        1,
        null,
        null,
        1,
        1,
        1,
        null,
        null,
        null,
        1,
        1,
        1,
        1,
        1,
        1,
        1,
        null,
        null,
        null,
        1,
        1,
        1,
        1,
        1,
        null,
        null,
        1,
        1,
        1,
        1,
        null,
        null,
        null
      ],
      "/Users/dani/Projects/acebook-ROF/app/models/user.rb": [
        null,
        null,
        1,
        4,
        1,
        1,
        1,
        1,
        null,
        1,
        1,
        null,
        null,
        null,
        1,
        0,
        null,
        0,
        null,
        null
      ],
      "/Users/dani/Projects/acebook-ROF/spec/views/users/new.html.erb_spec.rb": [
        null,
        null,
        1,
        null,
        1,
        1,
        null
      ],
      "/Users/dani/Projects/acebook-ROF/app/controllers/sessions_controller.rb": [
        null,
        null,
        1,
        1,
        null,
        1,
        1,
        null,
        1,
        null,
        null,
        1,
        null,
        1,
        null,
        null,
        0,
        0,
        null,
        null,
        null,
        1,
        1,
        1,
        1,
        null,
        null
      ]
    },
    "timestamp": 1535732437
  }
}
